<?xml version="1.0" encoding="UTF-8"?>
<!-- Generated by org.testng.reporters.JUnitXMLReporter -->
<testsuite ignored="0" hostname="SRAVAN-PC" failures="1" tests="1" name="Test-runner-1" time="120.068" errors="0" timestamp="2023-05-04T18:11:04 IST">
  <testcase classname="com.dominos.AddProductsTest" name="addProductsTest" time="71.009">
    <failure type="java.lang.AssertionError" message="expected [1724.84] but found [1742.0]">
      <![CDATA[java.lang.AssertionError: expected [1724.84] but found [1742.0]
at com.dominos.AddProductsTest.addProductsTest(AddProductsTest.java:68)
at java.base/java.util.ArrayList.forEach(ArrayList.java:1541)
at java.base/java.util.concurrent.FutureTask.run(FutureTask.java:264)
at java.base/java.util.concurrent.ThreadPoolExecutor.runWorker(ThreadPoolExecutor.java:1128)
at java.base/java.util.concurrent.ThreadPoolExecutor$Worker.run(ThreadPoolExecutor.java:628)
at java.base/java.lang.Thread.run(Thread.java:834)
... Removed 21 stack frames]]>
    </failure>
  </testcase> <!-- addProductsTest -->
</testsuite> <!-- Test-runner-1 -->
